<?xml version="1.0" encoding="UTF-8"?>
<!-- Generated by org.testng.reporters.JUnitXMLReporter -->
<testsuite hostname="DESKTOP-HAQKA9K" name="Default test" tests="4" failures="0" timestamp="16 Sep 2018 14:51:35 GMT" time="0.045" errors="0">
  <testcase name="sampleTest1" time="0.014" classname="com.autoqa.framework.apitest.executefailed.SampleTestClass1"/>
  <testcase name="sampleTest2" time="0.002" classname="com.autoqa.framework.apitest.executefailed.SampleTestClass1"/>
  <testcase name="sampleTest3" time="0.001" classname="com.autoqa.framework.apitest.executefailed.SampleTestClass2"/>
  <testcase name="sampleTest4" time="0.003" classname="com.autoqa.framework.apitest.executefailed.SampleTestClass2"/>
</testsuite> <!-- Default test -->
