<?xml version="1.0" encoding="UTF-8"?>
<!-- Generated by org.testng.reporters.JUnitXMLReporter -->
<testsuite hostname="DESKTOP-HAQKA9K" name="FailedTest-Rerunner" tests="6" failures="3" timestamp="29 Oct 2018 02:31:24 GMT" time="0.07" errors="0">
  <testcase name="sampleTest1" time="0.028" classname="com.autoqa.framework.apitest.executefailed.SampleTestClass1"/>
  <testcase name="sampleTest2" time="0.003" classname="com.autoqa.framework.apitest.executefailed.SampleTestClass1"/>
  <testcase name="sampleTest3" time="0.006" classname="com.autoqa.framework.apitest.executefailed.SampleTestClass2">
    <failure type="java.lang.AssertionError" message="expected [false] but found [true]">
      <![CDATA[java.lang.AssertionError: expected [false] but found [true]
	at com.autoqa.framework.apitest.executefailed.SampleTestClass2.sampleTest3(SampleTestClass2.java:11)
... Removed 29 stack frames]]>
    </failure>
  </testcase> <!-- sampleTest3 -->
  <testcase name="sampleTest3" time="0.001" classname="com.autoqa.framework.apitest.executefailed.SampleTestClass2">
    <failure type="java.lang.AssertionError" message="expected [false] but found [true]">
      <![CDATA[java.lang.AssertionError: expected [false] but found [true]
	at com.autoqa.framework.apitest.executefailed.SampleTestClass2.sampleTest3(SampleTestClass2.java:11)
... Removed 29 stack frames]]>
    </failure>
  </testcase> <!-- sampleTest3 -->
  <testcase name="sampleTest3" time="0.001" classname="com.autoqa.framework.apitest.executefailed.SampleTestClass2">
    <failure type="java.lang.AssertionError" message="expected [false] but found [true]">
      <![CDATA[java.lang.AssertionError: expected [false] but found [true]
	at com.autoqa.framework.apitest.executefailed.SampleTestClass2.sampleTest3(SampleTestClass2.java:11)
... Removed 29 stack frames]]>
    </failure>
  </testcase> <!-- sampleTest3 -->
  <testcase name="sampleTest4" time="0.001" classname="com.autoqa.framework.apitest.executefailed.SampleTestClass2"/>
</testsuite> <!-- FailedTest-Rerunner -->
